Дата и время: 2024-09-04 11:58:57
Имя функции: __init__
Аргументы: args=(<__main__.FlatIterator object at 0x101096ff0>, [['a', 'b', 'c'], ['d', 'e', 'f', 'h', False], [1, 2, None]]), kwargs={}
Вывод: None
----------------------------------------
Дата и время: 2024-09-04 11:58:57
Имя функции: __iter__
Аргументы: args=(<__main__.FlatIterator object at 0x101096ff0>,), kwargs={}
Вывод: <__main__.FlatIterator object at 0x101096ff0>
----------------------------------------
Дата и время: 2024-09-04 11:58:57
Имя функции: __next__
Аргументы: args=(<__main__.FlatIterator object at 0x101096ff0>,), kwargs={}
Вывод: a
----------------------------------------
Дата и время: 2024-09-04 11:58:57
Имя функции: __next__
Аргументы: args=(<__main__.FlatIterator object at 0x101096ff0>,), kwargs={}
Вывод: b
----------------------------------------
Дата и время: 2024-09-04 11:58:57
Имя функции: __next__
Аргументы: args=(<__main__.FlatIterator object at 0x101096ff0>,), kwargs={}
Вывод: c
----------------------------------------
Дата и время: 2024-09-04 11:58:57
Имя функции: __next__
Аргументы: args=(<__main__.FlatIterator object at 0x101096ff0>,), kwargs={}
Вывод: d
----------------------------------------
Дата и время: 2024-09-04 11:58:57
Имя функции: __next__
Аргументы: args=(<__main__.FlatIterator object at 0x101096ff0>,), kwargs={}
Вывод: e
----------------------------------------
Дата и время: 2024-09-04 11:58:57
Имя функции: __next__
Аргументы: args=(<__main__.FlatIterator object at 0x101096ff0>,), kwargs={}
Вывод: f
----------------------------------------
Дата и время: 2024-09-04 11:58:57
Имя функции: __next__
Аргументы: args=(<__main__.FlatIterator object at 0x101096ff0>,), kwargs={}
Вывод: h
----------------------------------------
Дата и время: 2024-09-04 11:58:57
Имя функции: __next__
Аргументы: args=(<__main__.FlatIterator object at 0x101096ff0>,), kwargs={}
Вывод: False
----------------------------------------
Дата и время: 2024-09-04 11:58:57
Имя функции: __next__
Аргументы: args=(<__main__.FlatIterator object at 0x101096ff0>,), kwargs={}
Вывод: 1
----------------------------------------
Дата и время: 2024-09-04 11:58:57
Имя функции: __next__
Аргументы: args=(<__main__.FlatIterator object at 0x101096ff0>,), kwargs={}
Вывод: 2
----------------------------------------
Дата и время: 2024-09-04 11:58:57
Имя функции: __next__
Аргументы: args=(<__main__.FlatIterator object at 0x101096ff0>,), kwargs={}
Вывод: None
----------------------------------------
Дата и время: 2024-09-04 11:58:57
Имя функции: __init__
Аргументы: args=(<__main__.FlatIterator object at 0x101096ff0>, [['a', 'b', 'c'], ['d', 'e', 'f', 'h', False], [1, 2, None]]), kwargs={}
Вывод: None
----------------------------------------
Дата и время: 2024-09-04 11:58:57
Имя функции: __iter__
Аргументы: args=(<__main__.FlatIterator object at 0x101096ff0>,), kwargs={}
Вывод: <__main__.FlatIterator object at 0x101096ff0>
----------------------------------------
Дата и время: 2024-09-04 11:58:57
Имя функции: __next__
Аргументы: args=(<__main__.FlatIterator object at 0x101096ff0>,), kwargs={}
Вывод: a
----------------------------------------
Дата и время: 2024-09-04 11:58:57
Имя функции: __next__
Аргументы: args=(<__main__.FlatIterator object at 0x101096ff0>,), kwargs={}
Вывод: b
----------------------------------------
Дата и время: 2024-09-04 11:58:57
Имя функции: __next__
Аргументы: args=(<__main__.FlatIterator object at 0x101096ff0>,), kwargs={}
Вывод: c
----------------------------------------
Дата и время: 2024-09-04 11:58:57
Имя функции: __next__
Аргументы: args=(<__main__.FlatIterator object at 0x101096ff0>,), kwargs={}
Вывод: d
----------------------------------------
Дата и время: 2024-09-04 11:58:57
Имя функции: __next__
Аргументы: args=(<__main__.FlatIterator object at 0x101096ff0>,), kwargs={}
Вывод: e
----------------------------------------
Дата и время: 2024-09-04 11:58:57
Имя функции: __next__
Аргументы: args=(<__main__.FlatIterator object at 0x101096ff0>,), kwargs={}
Вывод: f
----------------------------------------
Дата и время: 2024-09-04 11:58:57
Имя функции: __next__
Аргументы: args=(<__main__.FlatIterator object at 0x101096ff0>,), kwargs={}
Вывод: h
----------------------------------------
Дата и время: 2024-09-04 11:58:57
Имя функции: __next__
Аргументы: args=(<__main__.FlatIterator object at 0x101096ff0>,), kwargs={}
Вывод: False
----------------------------------------
Дата и время: 2024-09-04 11:58:57
Имя функции: __next__
Аргументы: args=(<__main__.FlatIterator object at 0x101096ff0>,), kwargs={}
Вывод: 1
----------------------------------------
Дата и время: 2024-09-04 11:58:57
Имя функции: __next__
Аргументы: args=(<__main__.FlatIterator object at 0x101096ff0>,), kwargs={}
Вывод: 2
----------------------------------------
Дата и время: 2024-09-04 11:58:57
Имя функции: __next__
Аргументы: args=(<__main__.FlatIterator object at 0x101096ff0>,), kwargs={}
Вывод: None
----------------------------------------
