Дата и время: 2024-09-04 11:54:51
Имя функции: hello_world
Аргументы: args=(), kwargs={}
Вывод: Hello World
----------------------------------------
Дата и время: 2024-09-04 11:54:51
Имя функции: summator
Аргументы: args=(2, 2), kwargs={}
Вывод: 4
----------------------------------------
Дата и время: 2024-09-04 11:54:51
Имя функции: div
Аргументы: args=(6, 2), kwargs={}
Вывод: 3.0
----------------------------------------
Дата и время: 2024-09-04 11:54:51
Имя функции: summator
Аргументы: args=(4.3,), kwargs={'b': 2.2}
Вывод: 6.5
----------------------------------------
